
          -------------------------------------------------------
          Amber 16 SANDER                              2016
          -------------------------------------------------------

| Run on 10/17/2018 at 11:04:27

|   Executable path: sander
| Working directory: /home/csk/Desktop/dilapiol_analogs/dm/dm_CID336357/03-minimizacao
|          Hostname: Unknown
  [-O]verwriting output

File Assignments:
|  MDIN: min1.in                                                               
| MDOUT: min1.out                                                              
|INPCRD: complex_solv.crd                                                      
|  PARM: complex_solv.top                                                      
|RESTRT: min1.rst                                                              
|  REFC: complex_solv.crd                                                      
| MDVEL: mdvel                                                                 
| MDFRC: mdfrc                                                                 
|  MDEN: mden                                                                  
| MDCRD: mdcrd                                                                 
|MDINFO: mdinfo                                                                
|  MTMD: mtmd                                                                  
|INPDIP: inpdip                                                                
|RSTDIP: rstdip                                                                
|INPTRA: inptraj                                                               


 Here is the input file:

 Minimization with Cartesian restraints for the solute                         
 &cntrl                                                                        
 imin=1, irest=0, ntx=1,                                                       
 cut=15.0, ntb=1,                                                              
 maxcyc=10000,                                                                 
 ntpr=500, ntwr=100, ntwx=1000,                                                
 ntr=1, restraint_wt = 500.0, restraintmask = ':1-275', /                      

--------------------------------------------------------------------------------
   1.  RESOURCE   USE: 
--------------------------------------------------------------------------------

| Flags:                                                                        
 getting new box info from bottom of inpcrd
|  INFO: Old style inpcrd file read

| peek_ewald_inpcrd: Box info found
|Largest sphere to fit in unit cell has radius =    31.450
| New format PARM file being parsed.
| Version =    1.000 Date = 10/17/18 Time = 10:56:48
 NATOM  =   30866 NTYPES =      18 NBONH =   29655 MBONA  =    1235
 NTHETH =    2730 MTHETA =    1673 NPHIH =    5313 MPHIA  =    5222
 NHPARM =       0 NPARM  =       0 NNB   =   51215 NRES   =    9647
 NBONA  =    1235 NTHETA =    1673 NPHIA =    5222 NUMBND =      76
 NUMANG =     165 NPTRA  =     194 NATYP =      44 NPHB   =       1
 IFBOX  =       2 NMXRS  =      33 IFCAP =       0 NEXTRA =       0
 NCOPY  =       0


|     Memory Use     Allocated
|     Real             2616341
|     Hollerith         102247
|     Integer          1228704
|     Max Pairs       50548219
|     nblistReal        370392
|     nblist Int        825415
|       Total           229211 kbytes

| Note: 1-4 EEL scale factors are being read from the topology file.

| Note: 1-4 VDW scale factors are being read from the topology file.
| Duplicated    0 dihedrals
| Duplicated    0 dihedrals

     BOX TYPE: TRUNCATED OCTAHEDRON

--------------------------------------------------------------------------------
   2.  CONTROL  DATA  FOR  THE  RUN
--------------------------------------------------------------------------------

default_name                                                                    

General flags:
     imin    =       1, nmropt  =       0

Nature and format of input:
     ntx     =       1, irest   =       0, ntrx    =       1

Nature and format of output:
     ntxo    =       2, ntpr    =     500, ntrx    =       1, ntwr    =     100
     iwrap   =       0, ntwx    =    1000, ntwv    =       0, ntwe    =       0
     ioutfm  =       1, ntwprt  =       0, idecomp =       0, rbornstat=      0

Potential function:
     ntf     =       1, ntb     =       1, igb     =       0, nsnb    =      25
     ipol    =       0, gbsa    =       0, iesp    =       0
     dielc   =   1.00000, cut     =  15.00000, intdiel =   1.00000

Frozen or restrained atoms:
     ibelly  =       0, ntr     =       1
     restraint_wt = 500.00000

Energy minimization:
     maxcyc  =   10000, ncyc    =      10, ntmin   =       1
     dx0     =   0.01000, drms    =   0.00010

Ewald parameters:
     verbose =       0, ew_type =       0, nbflag  =       1, use_pme =       1
     vdwmeth =       1, eedmeth =       1, netfrc  =       0
     Box X =   77.036   Box Y =   77.036   Box Z =   77.036
     Alpha =  109.471   Beta  =  109.471   Gamma =  109.471
     NFFT1 =   80       NFFT2 =   80       NFFT3 =   80
     Cutoff=   15.000   Tol   =0.100E-04
     Ewald Coefficient =  0.17871
     Interpolation order =    4

    LOADING THE CONSTRAINED ATOMS AS GROUPS


   5.  REFERENCE ATOM COORDINATES

  defa
     Mask :1-275; matches  2750 atoms

--------------------------------------------------------------------------------
   3.  ATOMIC COORDINATES AND VELOCITIES
--------------------------------------------------------------------------------

default_name                                                                    
 begin time read from input coords =     0.000 ps

 Number of triangulated 3-point waters found:     9489

     Sum of charges from parm topology file =  -0.00000206
     Forcing neutrality...

--------------------------------------------------------------------------------
   4.  RESULTS
--------------------------------------------------------------------------------

 ---------------------------------------------------
 APPROXIMATING switch and d/dx switch using CUBIC SPLINE INTERPOLATION
 using   5000.0 points per unit in tabled values
 TESTING RELATIVE ERROR over r ranging from 0.0 to cutoff
| CHECK switch(x): max rel err =   0.2738E-14   at   2.422500
| CHECK d/dx switch(x): max rel err =   0.7766E-11   at   2.666360
 ---------------------------------------------------
| Local SIZE OF NONBOND LIST =   27859825
| TOTAL SIZE OF NONBOND LIST =   27859825


   NSTEP       ENERGY          RMS            GMAX         NAME    NUMBER
      1      -7.0826E+04     8.7796E+01     5.4455E+03     O        2574

 BOND    =     1962.9614  ANGLE   =      833.9274  DIHED      =     1684.8721
 VDWAALS =    19313.4292  EEL     =  -104100.6455  HBOND      =        0.0000
 1-4 VDW =      796.3388  1-4 EEL =     8682.8286  RESTRAINT  =        0.0000
